2025-04-07T14:04:58.535+02:00  INFO 9664 --- [main] es.ucm.fdi.iw.IwApplication              : Starting IwApplication using Java 21.0.2 with PID 9664 (C:\Users\samue\OneDrive\Escritorio\UNIVERSIDAD\Cuarto\Segundo Cuatrimestre\IW\LinkedList\LLTactics\target\classes started by samue in C:\Users\samue\OneDrive\Escritorio\UNIVERSIDAD\Cuarto\Segundo Cuatrimestre\IW\LinkedList\LLTactics)
2025-04-07T14:04:58.584+02:00  INFO 9664 --- [main] es.ucm.fdi.iw.IwApplication              : No active profile set, falling back to 1 default profile: "default"
2025-04-07T14:04:59.854+02:00  INFO 9664 --- [main] .s.d.r.c.RepositoryConfigurationDelegate : Bootstrapping Spring Data JPA repositories in DEFAULT mode.
2025-04-07T14:04:59.985+02:00  INFO 9664 --- [main] .s.d.r.c.RepositoryConfigurationDelegate : Finished Spring Data repository scanning in 115 ms. Found 5 JPA repository interfaces.
2025-04-07T14:05:00.931+02:00  INFO 9664 --- [main] o.s.b.w.embedded.tomcat.TomcatWebServer  : Tomcat initialized with port 8080 (http)
2025-04-07T14:05:00.961+02:00  INFO 9664 --- [main] o.apache.catalina.core.StandardService   : Starting service [Tomcat]
2025-04-07T14:05:00.963+02:00  INFO 9664 --- [main] o.apache.catalina.core.StandardEngine    : Starting Servlet engine: [Apache Tomcat/10.1.33]
2025-04-07T14:05:01.132+02:00  INFO 9664 --- [main] o.a.c.c.C.[Tomcat].[localhost].[/]       : Initializing Spring embedded WebApplicationContext
2025-04-07T14:05:01.138+02:00  INFO 9664 --- [main] w.s.c.ServletWebServerApplicationContext : Root WebApplicationContext: initialization completed in 2413 ms
2025-04-07T14:05:01.188+02:00  INFO 9664 --- [main] com.zaxxer.hikari.HikariDataSource       : HikariPool-1 - Starting...
2025-04-07T14:05:01.583+02:00  INFO 9664 --- [main] com.zaxxer.hikari.pool.HikariPool        : HikariPool-1 - Added connection conn0: url=jdbc:h2:mem:iwdb user=SA
2025-04-07T14:05:01.583+02:00  INFO 9664 --- [main] com.zaxxer.hikari.HikariDataSource       : HikariPool-1 - Start completed.
2025-04-07T14:05:01.605+02:00  INFO 9664 --- [main] o.s.b.a.h2.H2ConsoleAutoConfiguration    : H2 console available at '/h2'. Database available at 'jdbc:h2:mem:iwdb'
2025-04-07T14:05:01.813+02:00  INFO 9664 --- [main] o.hibernate.jpa.internal.util.LogHelper  : HHH000204: Processing PersistenceUnitInfo [name: default]
2025-04-07T14:05:01.945+02:00  INFO 9664 --- [main] org.hibernate.Version                    : HHH000412: Hibernate ORM core version 6.6.2.Final
2025-04-07T14:05:02.007+02:00  INFO 9664 --- [main] o.h.c.internal.RegionFactoryInitiator    : HHH000026: Second-level cache disabled
2025-04-07T14:05:02.507+02:00  INFO 9664 --- [main] o.s.o.j.p.SpringPersistenceUnitInfo      : No LoadTimeWeaver setup: ignoring JPA class transformer
2025-04-07T14:05:02.597+02:00  WARN 9664 --- [main] org.hibernate.orm.deprecation            : HHH90000025: H2Dialect does not need to be specified explicitly using 'hibernate.dialect' (remove the property setting and it will be selected by default)
2025-04-07T14:05:02.633+02:00  INFO 9664 --- [main] org.hibernate.orm.connections.pooling    : HHH10001005: Database info:
	Database JDBC URL [Connecting through datasource 'HikariDataSource (HikariPool-1)']
	Database driver: undefined/unknown
	Database version: 2.3.232
	Autocommit mode: undefined/unknown
	Isolation level: undefined/unknown
	Minimum pool size: undefined/unknown
	Maximum pool size: undefined/unknown
